[16:38:02] [Server thread/INFO]: Starting minecraft server version 1.8.8
[16:38:02] [Server thread/INFO]: Loading properties
[16:38:02] [Server thread/INFO]: Default game type: SURVIVAL
[16:38:02] [Server thread/INFO]: This server is running CraftBukkit version git-PaperSpigot-445 (MC: 1.8.8) (Implementing API version 1.8.8-R0.1-SNAPSHOT)
[16:38:02] [Server thread/INFO]: Debug logging is disabled
[16:38:02] [Server thread/INFO]: Spigot Timings: true - Verbose: true - Interval: 5m - Length: 60m
[16:38:02] [Server thread/INFO]: Server Ping Player Sample Count: 12

[16:38:02] [Server thread/INFO]: Using 4 threads for Netty based IO
[16:38:02] [Server thread/INFO]: Data value allowed items: 
[16:38:02] [Server thread/WARN]: java.lang.NoSuchFieldException: modifiers

[16:38:02] [Server thread/WARN]: 	at java.base/java.lang.Class.getDeclaredField(Class.java:2782)

[16:38:02] [Server thread/WARN]: 	at org.github.paperspigot.PaperSpigotConfig.stackableBuckets(PaperSpigotConfig.java:192)

[16:38:02] [Server thread/WARN]: 	at java.base/jdk.internal.reflect.DirectMethodHandleAccessor.invoke(DirectMethodHandleAccessor.java:103)

[16:38:02] [Server thread/WARN]: 	at java.base/java.lang.reflect.Method.invoke(Method.java:580)

[16:38:02] [Server thread/WARN]: 	at org.github.paperspigot.PaperSpigotConfig.readConfig(PaperSpigotConfig.java:84)

[16:38:02] [Server thread/WARN]: 	at org.github.paperspigot.PaperSpigotConfig.init(PaperSpigotConfig.java:62)

[16:38:02] [Server thread/WARN]: 	at net.minecraft.server.v1_8_R3.DedicatedServer.init(DedicatedServer.java:181)

[16:38:02] [Server thread/WARN]: 	at net.minecraft.server.v1_8_R3.MinecraftServer.run(MinecraftServer.java:563)

[16:38:02] [Server thread/WARN]: 	at java.base/java.lang.Thread.run(Thread.java:1583)

[16:38:02] [Server thread/INFO]: Generating keypair
[16:38:03] [Server thread/INFO]: Starting Minecraft server on *:25565
[16:38:03] [Server thread/INFO]: Your platform does not provide complete low-level API for accessing direct buffers reliably. Unless explicitly requested, heap buffer will always be preferred to avoid potential system unstability.
[16:38:03] [Server thread/INFO]: Using epoll channel type
[16:38:03] [Server thread/INFO]: **** Beginning UUID conversion, this may take A LONG time ****
[16:38:03] [Server thread/INFO]: Preparing level "world"
[16:38:03] [Server thread/INFO]: -------- World Settings For [world] --------
[16:38:03] [Server thread/INFO]: Mob Spawn Range: 4
[16:38:03] [Server thread/INFO]: Anti X-Ray: true
[16:38:03] [Server thread/INFO]: 	Engine Mode: 1
[16:38:03] [Server thread/INFO]: 	Hidden Blocks: [14, 15, 16, 21, 48, 49, 54, 56, 73, 74, 82, 129, 130]
[16:38:03] [Server thread/INFO]: 	Replace Blocks: [1, 5]
[16:38:03] [Server thread/INFO]: Nerfing mobs spawned from spawners: false
[16:38:03] [Server thread/INFO]: Cactus Growth Modifier: 100%
[16:38:03] [Server thread/INFO]: Cane Growth Modifier: 100%
[16:38:03] [Server thread/INFO]: Melon Growth Modifier: 100%
[16:38:03] [Server thread/INFO]: Mushroom Growth Modifier: 100%
[16:38:03] [Server thread/INFO]: Pumpkin Growth Modifier: 100%
[16:38:03] [Server thread/INFO]: Sapling Growth Modifier: 100%
[16:38:03] [Server thread/INFO]: Wheat Growth Modifier: 100%
[16:38:03] [Server thread/INFO]: NetherWart Growth Modifier: 100%
[16:38:03] [Server thread/INFO]: Entity Activation Range: An 32 / Mo 32 / Mi 16
[16:38:03] [Server thread/INFO]: Entity Tracking Range: Pl 48 / An 48 / Mo 48 / Mi 32 / Other 64
[16:38:03] [Server thread/INFO]: Hopper Transfer: 8 Hopper Check: 8 Hopper Amount: 1
[16:38:03] [Server thread/INFO]: Random Lighting Updates: false
[16:38:03] [Server thread/INFO]: Structure Info Saving: true
[16:38:03] [Server thread/INFO]: Sending up to 10 chunks per packet
[16:38:03] [Server thread/INFO]: Max Entity Collisions: 8
[16:38:03] [Server thread/INFO]: Custom Map Seeds:  Village: 10387312 Feature: 14357617
[16:38:03] [Server thread/INFO]: Max TNT Explosions: 100
[16:38:03] [Server thread/INFO]: Tile Max Tick Time: 50ms Entity max Tick Time: 50ms
[16:38:03] [Server thread/INFO]: Allow Zombie Pigmen to spawn from portal blocks: true
[16:38:03] [Server thread/INFO]: Item Despawn Rate: 6000
[16:38:03] [Server thread/INFO]: Item Merge Radius: 2.5
[16:38:03] [Server thread/INFO]: Arrow Despawn Rate: 1200
[16:38:03] [Server thread/INFO]: View Distance: 10
[16:38:03] [Server thread/INFO]: Zombie Aggressive Towards Villager: true
[16:38:03] [Server thread/INFO]: Chunks to Grow per Tick: 650
[16:38:03] [Server thread/INFO]: Clear tick list: false
[16:38:03] [Server thread/INFO]: Experience Merge Radius: 3.0
[16:38:03] [Server thread/INFO]: -------- World Settings For [world] --------
[16:38:03] [Server thread/INFO]: Player blocking damage multiplier set to 0.5
[16:38:03] [Server thread/INFO]: Remove invalid mob spawner tile entities: true
[16:38:03] [Server thread/INFO]: Squids will spawn between Y: 45.0 and Y: 63.0
[16:38:03] [Server thread/INFO]: Max height for cactus growth 3. Max height for reed growth 3
[16:38:03] [Server thread/INFO]: Living Entity Despawn Ranges:  Soft: 32 Hard: 128
[16:38:03] [Server thread/INFO]: Water over lava flow speed: 5
[16:38:03] [Server thread/INFO]: Fix TNT cannons: false
[16:38:03] [Server thread/INFO]: Allow undead horse types to be leashed: false
[16:38:03] [Server thread/INFO]: Keep spawn chunk loaded: true
[16:38:03] [Server thread/INFO]: World async lighting: false
[16:38:03] [Server thread/INFO]: WorldServer TickNextTick cap set at 10000
[16:38:03] [Server thread/INFO]: WorldServer TickNextTickList cap always processes redstone: false
[16:38:03] [Server thread/INFO]: -------- World Settings For [world_nether] --------
[16:38:03] [Server thread/INFO]: Mob Spawn Range: 4
[16:38:03] [Server thread/INFO]: Anti X-Ray: true
[16:38:03] [Server thread/INFO]: 	Engine Mode: 1
[16:38:03] [Server thread/INFO]: 	Hidden Blocks: [14, 15, 16, 21, 48, 49, 54, 56, 73, 74, 82, 129, 130]
[16:38:03] [Server thread/INFO]: 	Replace Blocks: [1, 5]
[16:38:03] [Server thread/INFO]: Nerfing mobs spawned from spawners: false
[16:38:03] [Server thread/INFO]: Cactus Growth Modifier: 100%
[16:38:03] [Server thread/INFO]: Cane Growth Modifier: 100%
[16:38:03] [Server thread/INFO]: Melon Growth Modifier: 100%
[16:38:03] [Server thread/INFO]: Mushroom Growth Modifier: 100%
[16:38:03] [Server thread/INFO]: Pumpkin Growth Modifier: 100%
[16:38:03] [Server thread/INFO]: Sapling Growth Modifier: 100%
[16:38:03] [Server thread/INFO]: Wheat Growth Modifier: 100%
[16:38:03] [Server thread/INFO]: NetherWart Growth Modifier: 100%
[16:38:03] [Server thread/INFO]: Entity Activation Range: An 32 / Mo 32 / Mi 16
[16:38:03] [Server thread/INFO]: Entity Tracking Range: Pl 48 / An 48 / Mo 48 / Mi 32 / Other 64
[16:38:03] [Server thread/INFO]: Hopper Transfer: 8 Hopper Check: 8 Hopper Amount: 1
[16:38:03] [Server thread/INFO]: Random Lighting Updates: false
[16:38:03] [Server thread/INFO]: Structure Info Saving: true
[16:38:03] [Server thread/INFO]: Sending up to 10 chunks per packet
[16:38:03] [Server thread/INFO]: Max Entity Collisions: 8
[16:38:03] [Server thread/INFO]: Custom Map Seeds:  Village: 10387312 Feature: 14357617
[16:38:03] [Server thread/INFO]: Max TNT Explosions: 100
[16:38:03] [Server thread/INFO]: Tile Max Tick Time: 50ms Entity max Tick Time: 50ms
[16:38:03] [Server thread/INFO]: Allow Zombie Pigmen to spawn from portal blocks: true
[16:38:03] [Server thread/INFO]: Item Despawn Rate: 6000
[16:38:03] [Server thread/INFO]: Item Merge Radius: 2.5
[16:38:03] [Server thread/INFO]: Arrow Despawn Rate: 1200
[16:38:03] [Server thread/INFO]: View Distance: 10
[16:38:03] [Server thread/INFO]: Zombie Aggressive Towards Villager: true
[16:38:03] [Server thread/INFO]: Chunks to Grow per Tick: 650
[16:38:03] [Server thread/INFO]: Clear tick list: false
[16:38:03] [Server thread/INFO]: Experience Merge Radius: 3.0
[16:38:03] [Server thread/INFO]: -------- World Settings For [world_nether] --------
[16:38:03] [Server thread/INFO]: Player blocking damage multiplier set to 0.5
[16:38:03] [Server thread/INFO]: Remove invalid mob spawner tile entities: true
[16:38:03] [Server thread/INFO]: Squids will spawn between Y: 45.0 and Y: 63.0
[16:38:03] [Server thread/INFO]: Max height for cactus growth 3. Max height for reed growth 3
[16:38:03] [Server thread/INFO]: Living Entity Despawn Ranges:  Soft: 32 Hard: 128
[16:38:03] [Server thread/INFO]: Water over lava flow speed: 5
[16:38:03] [Server thread/INFO]: Fix TNT cannons: false
[16:38:03] [Server thread/INFO]: Allow undead horse types to be leashed: false
[16:38:03] [Server thread/INFO]: Keep spawn chunk loaded: true
[16:38:03] [Server thread/INFO]: World async lighting: false
[16:38:03] [Server thread/INFO]: WorldServer TickNextTick cap set at 10000
[16:38:03] [Server thread/INFO]: WorldServer TickNextTickList cap always processes redstone: false
[16:38:03] [Server thread/INFO]: -------- World Settings For [world_the_end] --------
[16:38:03] [Server thread/INFO]: Mob Spawn Range: 4
[16:38:03] [Server thread/INFO]: Anti X-Ray: true
[16:38:03] [Server thread/INFO]: 	Engine Mode: 1
[16:38:03] [Server thread/INFO]: 	Hidden Blocks: [14, 15, 16, 21, 48, 49, 54, 56, 73, 74, 82, 129, 130]
[16:38:03] [Server thread/INFO]: 	Replace Blocks: [1, 5]
[16:38:03] [Server thread/INFO]: Nerfing mobs spawned from spawners: false
[16:38:03] [Server thread/INFO]: Cactus Growth Modifier: 100%
[16:38:03] [Server thread/INFO]: Cane Growth Modifier: 100%
[16:38:03] [Server thread/INFO]: Melon Growth Modifier: 100%
[16:38:03] [Server thread/INFO]: Mushroom Growth Modifier: 100%
[16:38:03] [Server thread/INFO]: Pumpkin Growth Modifier: 100%
[16:38:03] [Server thread/INFO]: Sapling Growth Modifier: 100%
[16:38:03] [Server thread/INFO]: Wheat Growth Modifier: 100%
[16:38:03] [Server thread/INFO]: NetherWart Growth Modifier: 100%
[16:38:03] [Server thread/INFO]: Entity Activation Range: An 32 / Mo 32 / Mi 16
[16:38:03] [Server thread/INFO]: Entity Tracking Range: Pl 48 / An 48 / Mo 48 / Mi 32 / Other 64
[16:38:03] [Server thread/INFO]: Hopper Transfer: 8 Hopper Check: 8 Hopper Amount: 1
[16:38:03] [Server thread/INFO]: Random Lighting Updates: false
[16:38:03] [Server thread/INFO]: Structure Info Saving: true
[16:38:03] [Server thread/INFO]: Sending up to 10 chunks per packet
[16:38:03] [Server thread/INFO]: Max Entity Collisions: 8
[16:38:03] [Server thread/INFO]: Custom Map Seeds:  Village: 10387312 Feature: 14357617
[16:38:03] [Server thread/INFO]: Max TNT Explosions: 100
[16:38:03] [Server thread/INFO]: Tile Max Tick Time: 50ms Entity max Tick Time: 50ms
[16:38:03] [Server thread/INFO]: Allow Zombie Pigmen to spawn from portal blocks: true
[16:38:03] [Server thread/INFO]: Item Despawn Rate: 6000
[16:38:03] [Server thread/INFO]: Item Merge Radius: 2.5
[16:38:03] [Server thread/INFO]: Arrow Despawn Rate: 1200
[16:38:03] [Server thread/INFO]: View Distance: 10
[16:38:03] [Server thread/INFO]: Zombie Aggressive Towards Villager: true
[16:38:03] [Server thread/INFO]: Chunks to Grow per Tick: 650
[16:38:03] [Server thread/INFO]: Clear tick list: false
[16:38:03] [Server thread/INFO]: Experience Merge Radius: 3.0
[16:38:03] [Server thread/INFO]: -------- World Settings For [world_the_end] --------
[16:38:03] [Server thread/INFO]: Player blocking damage multiplier set to 0.5
[16:38:03] [Server thread/INFO]: Remove invalid mob spawner tile entities: true
[16:38:03] [Server thread/INFO]: Squids will spawn between Y: 45.0 and Y: 63.0
[16:38:03] [Server thread/INFO]: Max height for cactus growth 3. Max height for reed growth 3
[16:38:03] [Server thread/INFO]: Living Entity Despawn Ranges:  Soft: 32 Hard: 128
[16:38:03] [Server thread/INFO]: Water over lava flow speed: 5
[16:38:03] [Server thread/INFO]: Fix TNT cannons: false
[16:38:03] [Server thread/INFO]: Allow undead horse types to be leashed: false
[16:38:03] [Server thread/INFO]: Keep spawn chunk loaded: true
[16:38:03] [Server thread/INFO]: World async lighting: false
[16:38:03] [Server thread/INFO]: WorldServer TickNextTick cap set at 10000
[16:38:03] [Server thread/INFO]: WorldServer TickNextTickList cap always processes redstone: false
[16:38:03] [Server thread/INFO]: Preparing start region for level 0 (Seed: 5860879392749154748)
[16:38:04] [Server thread/INFO]: Preparing spawn area: 17%
[16:38:05] [Server thread/INFO]: Preparing spawn area: 64%
[16:38:06] [Server thread/INFO]: Preparing start region for level 1 (Seed: 5860879392749154748)
[16:38:07] [Server thread/INFO]: Preparing spawn area: 42%
[16:38:08] [Server thread/INFO]: Preparing start region for level 2 (Seed: 5860879392749154748)
[16:38:08] [Server thread/INFO]: Server permissions file permissions.yml is empty, ignoring it
[16:38:08] [Server thread/INFO]: Done (5.336s)! For help, type "help" or "?"
[16:38:08] [Server thread/INFO]: Timings Reset
[16:38:32] [Server console handler/ERROR]: Exception handling console input
java.io.IOException: Input/output error
	at java.io.FileInputStream.readBytes(Native Method) ~[?:?]
	at java.io.FileInputStream.read(FileInputStream.java:287) ~[?:?]
	at java.io.BufferedInputStream.fill(BufferedInputStream.java:291) ~[?:?]
	at java.io.BufferedInputStream.implRead(BufferedInputStream.java:325) ~[?:?]
	at java.io.BufferedInputStream.read(BufferedInputStream.java:312) ~[?:?]
	at org.bukkit.craftbukkit.libs.jline.internal.NonBlockingInputStream.read(NonBlockingInputStream.java:169) ~[patched_1.8.8.jar:git-PaperSpigot-445]
	at org.bukkit.craftbukkit.libs.jline.internal.NonBlockingInputStream.read(NonBlockingInputStream.java:137) ~[patched_1.8.8.jar:git-PaperSpigot-445]
	at org.bukkit.craftbukkit.libs.jline.internal.NonBlockingInputStream.read(NonBlockingInputStream.java:246) ~[patched_1.8.8.jar:git-PaperSpigot-445]
	at org.bukkit.craftbukkit.libs.jline.internal.InputStreamReader.read(InputStreamReader.java:261) ~[patched_1.8.8.jar:git-PaperSpigot-445]
	at org.bukkit.craftbukkit.libs.jline.internal.InputStreamReader.read(InputStreamReader.java:198) ~[patched_1.8.8.jar:git-PaperSpigot-445]
	at org.bukkit.craftbukkit.libs.jline.console.ConsoleReader.readCharacter(ConsoleReader.java:2145) ~[patched_1.8.8.jar:git-PaperSpigot-445]
	at org.bukkit.craftbukkit.libs.jline.console.ConsoleReader.readLine(ConsoleReader.java:2349) ~[patched_1.8.8.jar:git-PaperSpigot-445]
	at net.minecraft.server.v1_8_R3.DedicatedServer$2.run(DedicatedServer.java:79) [patched_1.8.8.jar:git-PaperSpigot-445]
